<?xml version="1.0" encoding="utf-8"?><testsuites name="pytest tests"><testsuite name="pytest" errors="1" failures="1" skipped="2" tests="45" time="20.223" timestamp="2025-08-13T02:10:41.944295-04:00" hostname="Brets-Mac-mini.attlocal.net"><testcase classname="" name="tests.integration.test_postgres_repo" time="0.000"><skipped message="collection skipped">('/Users/bretbouchard/apps/dev_guard/tests/integration/test_postgres_repo.py', 3, "Skipped: could not import 'testcontainers.postgres': No module named 'testcontainers'")</skipped></testcase><testcase classname="tests.integration.test_end_to_end_workflows.TestEndToEndWorkflows" name="test_code_generation_workflow" time="0.998" /><testcase classname="tests.integration.test_end_to_end_workflows.TestEndToEndWorkflows" name="test_security_scan_workflow" time="0.193" /><testcase classname="tests.integration.test_end_to_end_workflows.TestEndToEndWorkflows" name="test_cross_repository_impact_analysis_workflow" time="0.276" /><testcase classname="tests.integration.test_end_to_end_workflows.TestEndToEndWorkflows" name="test_documentation_generation_workflow" time="0.186" /><testcase classname="tests.integration.test_end_to_end_workflows.TestEndToEndWorkflows" name="test_dependency_management_workflow" time="0.192" /><testcase classname="tests.integration.test_end_to_end_workflows.TestEndToEndWorkflows" name="test_complete_development_lifecycle_workflow" time="0.177" /><testcase classname="tests.integration.test_end_to_end_workflows.TestEndToEndWorkflows" name="test_multi_repository_coordination_workflow" time="0.423" /><testcase classname="tests.integration.test_end_to_end_workflows.TestEndToEndWorkflows" name="test_notification_integration_workflow" time="0.169" /><testcase classname="tests.integration.test_environment_setup.TestEnvironmentSetup" name="test_python_version_compatibility" time="0.001" /><testcase classname="tests.integration.test_environment_setup.TestEnvironmentSetup" name="test_required_directories_creation" time="0.001" /><testcase classname="tests.integration.test_environment_setup.TestEnvironmentSetup" name="test_environment_variable_loading" time="0.001" /><testcase classname="tests.integration.test_environment_setup.TestEnvironmentSetup" name="test_configuration_file_loading" time="0.003" /><testcase classname="tests.integration.test_environment_setup.TestEnvironmentSetup" name="test_example_configuration_creation" time="0.018" /><testcase classname="tests.integration.test_environment_setup.TestEnvironmentSetup" name="test_configuration_validation" time="0.001" /><testcase classname="tests.integration.test_environment_setup.TestEnvironmentSetup" name="test_agent_configuration_completeness" time="0.000" /><testcase classname="tests.integration.test_environment_setup.TestEnvironmentSetup" name="test_database_configuration" time="0.001" /><testcase classname="tests.integration.test_environment_setup.TestEnvironmentSetup" name="test_vector_database_configuration" time="0.000" /><testcase classname="tests.integration.test_environment_setup.TestDependencyLoading" name="test_core_dependencies" time="0.000" /><testcase classname="tests.integration.test_environment_setup.TestDependencyLoading" name="test_optional_dependencies" time="0.001"><skipped type="pytest.skip" message="Optional dependency openai not available (OpenAI LLM integration)">/Users/bretbouchard/apps/dev_guard/tests/integration/test_environment_setup.py:189: Optional dependency openai not available (OpenAI LLM integration)</skipped></testcase><testcase classname="tests.integration.test_environment_setup.TestDependencyLoading" name="test_development_dependencies" time="0.000" /><testcase classname="tests.integration.test_environment_setup.TestDependencyLoading" name="test_version_compatibility" time="0.000" /><testcase classname="tests.integration.test_environment_setup.TestConfigurationIntegration" name="test_config_with_environment_file" time="0.001" /><testcase classname="tests.integration.test_environment_setup.TestConfigurationIntegration" name="test_config_repository_management" time="0.001" /><testcase classname="tests.integration.test_environment_setup.TestConfigurationIntegration" name="test_config_agent_management" time="0.001" /><testcase classname="tests.integration.test_environment_setup.TestConfigurationIntegration" name="test_config_persistence" time="0.018" /><testcase classname="tests.integration.test_environment_setup.TestSetupScriptIntegration" name="test_setup_script_execution" time="0.015" /><testcase classname="tests.integration.test_environment_setup.TestSetupScriptIntegration" name="test_validation_script_execution" time="0.136" /><testcase classname="tests.integration.test_environment_setup.TestSetupScriptIntegration" name="test_makefile_targets" time="0.001" /><testcase classname="tests.integration.test_otel_tracer" name="test_otel_tracer_span_smoke" time="0.007" /><testcase classname="tests.integration.test_performance_integration.TestSystemPerformance" name="test_request_processing_throughput" time="0.206" /><testcase classname="tests.integration.test_performance_integration.TestSystemPerformance" name="test_concurrent_request_handling" time="0.180" /><testcase classname="tests.integration.test_performance_integration.TestSystemPerformance" name="test_memory_usage_scalability" time="0.238" /><testcase classname="tests.integration.test_performance_integration.TestSystemPerformance" name="test_agent_coordination_performance" time="0.197" /><testcase classname="tests.integration.test_performance_integration.TestSystemPerformance" name="test_database_operation_performance" time="0.090" /><testcase classname="tests.integration.test_performance_integration.TestSystemPerformance" name="test_error_recovery_performance_impact" time="5.082" /><testcase classname="tests.integration.test_swarm_coordination.TestSwarmCoordination" name="test_swarm_initialization" time="0.052" /><testcase classname="tests.integration.test_swarm_coordination.TestSwarmCoordination" name="test_agent_routing_from_commander" time="0.151"><failure message="AssertionError: assert 'repo_auditor' == 'end'&#10;  &#10;  - end&#10;  + repo_auditor">tests/integration/test_swarm_coordination.py:148: in test_agent_routing_from_commander
    assert route == "end"
E   AssertionError: assert 'repo_auditor' == 'end'
E     
E     - end
E     + repo_auditor</failure></testcase><testcase classname="tests.integration.test_swarm_coordination.TestSwarmCoordination" name="test_agent_routing_from_planner" time="0.037" /><testcase classname="tests.integration.test_swarm_coordination.TestSwarmCoordination" name="test_task_priority_handling" time="0.044" /><testcase classname="tests.integration.test_swarm_coordination.TestSwarmCoordination" name="test_agent_availability_checking" time="0.036" /><testcase classname="tests.integration.test_swarm_coordination.TestSwarmCoordination" name="test_fallback_agent_selection" time="0.033" /><testcase classname="tests.integration.test_swarm_coordination.TestSwarmCoordination" name="test_task_analysis_and_agent_assignment" time="0.040" /><testcase classname="tests.integration.test_swarm_coordination.TestSwarmCoordination" name="test_error_recovery_and_logging" time="0.044" /><testcase time="0.034" /><testcase classname="pytest" name="internal" time="0.000"><error message="internal error">Traceback (most recent call last):
  File "/Users/bretbouchard/apps/dev_guard/.venv/lib/python3.11/site-packages/_pytest/main.py", line 289, in wrap_session
    session.exitstatus = doit(config, session) or 0
                         ^^^^^^^^^^^^^^^^^^^^^
  File "/Users/bretbouchard/apps/dev_guard/.venv/lib/python3.11/site-packages/_pytest/main.py", line 343, in _main
    config.hook.pytest_runtestloop(session=session)
  File "/Users/bretbouchard/apps/dev_guard/.venv/lib/python3.11/site-packages/pluggy/_hooks.py", line 512, in __call__
    return self._hookexec(self.name, self._hookimpls.copy(), kwargs, firstresult)
           ^^^^^^^^^^^^^^^^^^^^^^^^^^^^^^^^^^^^^^^^^^^^^^^^^^^^^^^^^^^^^^^^^^^^^^
  File "/Users/bretbouchard/apps/dev_guard/.venv/lib/python3.11/site-packages/pluggy/_manager.py", line 120, in _hookexec
    return self._inner_hookexec(hook_name, methods, kwargs, firstresult)
           ^^^^^^^^^^^^^^^^^^^^^^^^^^^^^^^^^^^^^^^^^^^^^^^^^^^^^^^^^^^^^
  File "/Users/bretbouchard/apps/dev_guard/.venv/lib/python3.11/site-packages/pluggy/_callers.py", line 167, in _multicall
    raise exception
  File "/Users/bretbouchard/apps/dev_guard/.venv/lib/python3.11/site-packages/pluggy/_callers.py", line 139, in _multicall
    teardown.throw(exception)
  File "/Users/bretbouchard/apps/dev_guard/.venv/lib/python3.11/site-packages/_pytest/logging.py", line 801, in pytest_runtestloop
    return (yield)  # Run all the tests.
            ^^^^^
  File "/Users/bretbouchard/apps/dev_guard/.venv/lib/python3.11/site-packages/pluggy/_callers.py", line 139, in _multicall
    teardown.throw(exception)
  File "/Users/bretbouchard/apps/dev_guard/.venv/lib/python3.11/site-packages/_pytest/terminal.py", line 688, in pytest_runtestloop
    result = yield
             ^^^^^
  File "/Users/bretbouchard/apps/dev_guard/.venv/lib/python3.11/site-packages/pluggy/_callers.py", line 139, in _multicall
    teardown.throw(exception)
  File "/Users/bretbouchard/apps/dev_guard/.venv/lib/python3.11/site-packages/pytest_cov/plugin.py", line 340, in pytest_runtestloop
    result = yield
             ^^^^^
  File "/Users/bretbouchard/apps/dev_guard/.venv/lib/python3.11/site-packages/pluggy/_callers.py", line 121, in _multicall
    res = hook_impl.function(*args)
          ^^^^^^^^^^^^^^^^^^^^^^^^^
  File "/Users/bretbouchard/apps/dev_guard/.venv/lib/python3.11/site-packages/_pytest/main.py", line 367, in pytest_runtestloop
    item.config.hook.pytest_runtest_protocol(item=item, nextitem=nextitem)
  File "/Users/bretbouchard/apps/dev_guard/.venv/lib/python3.11/site-packages/pluggy/_hooks.py", line 512, in __call__
    return self._hookexec(self.name, self._hookimpls.copy(), kwargs, firstresult)
           ^^^^^^^^^^^^^^^^^^^^^^^^^^^^^^^^^^^^^^^^^^^^^^^^^^^^^^^^^^^^^^^^^^^^^^
  File "/Users/bretbouchard/apps/dev_guard/.venv/lib/python3.11/site-packages/pluggy/_manager.py", line 120, in _hookexec
    return self._inner_hookexec(hook_name, methods, kwargs, firstresult)
           ^^^^^^^^^^^^^^^^^^^^^^^^^^^^^^^^^^^^^^^^^^^^^^^^^^^^^^^^^^^^^
  File "/Users/bretbouchard/apps/dev_guard/.venv/lib/python3.11/site-packages/pluggy/_callers.py", line 167, in _multicall
    raise exception
  File "/Users/bretbouchard/apps/dev_guard/.venv/lib/python3.11/site-packages/pluggy/_callers.py", line 139, in _multicall
    teardown.throw(exception)
  File "/Users/bretbouchard/apps/dev_guard/.venv/lib/python3.11/site-packages/_pytest/warnings.py", line 90, in pytest_runtest_protocol
    return (yield)
            ^^^^^
  File "/Users/bretbouchard/apps/dev_guard/.venv/lib/python3.11/site-packages/pluggy/_callers.py", line 139, in _multicall
    teardown.throw(exception)
  File "/Users/bretbouchard/apps/dev_guard/.venv/lib/python3.11/site-packages/_pytest/assertion/__init__.py", line 192, in pytest_runtest_protocol
    return (yield)
            ^^^^^
  File "/Users/bretbouchard/apps/dev_guard/.venv/lib/python3.11/site-packages/pluggy/_callers.py", line 139, in _multicall
    teardown.throw(exception)
  File "/Users/bretbouchard/apps/dev_guard/.venv/lib/python3.11/site-packages/pluggy/_callers.py", line 53, in run_old_style_hookwrapper
    return result.get_result()
           ^^^^^^^^^^^^^^^^^^^
  File "/Users/bretbouchard/apps/dev_guard/.venv/lib/python3.11/site-packages/pluggy/_result.py", line 103, in get_result
    raise exc.with_traceback(tb)
  File "/Users/bretbouchard/apps/dev_guard/.venv/lib/python3.11/site-packages/pluggy/_callers.py", line 38, in run_old_style_hookwrapper
    res = yield
          ^^^^^
  File "/Users/bretbouchard/apps/dev_guard/.venv/lib/python3.11/site-packages/pluggy/_callers.py", line 139, in _multicall
    teardown.throw(exception)
  File "/Users/bretbouchard/apps/dev_guard/.venv/lib/python3.11/site-packages/_pytest/unittest.py", line 475, in pytest_runtest_protocol
    return (yield)
            ^^^^^
  File "/Users/bretbouchard/apps/dev_guard/.venv/lib/python3.11/site-packages/pluggy/_callers.py", line 139, in _multicall
    teardown.throw(exception)
  File "/Users/bretbouchard/apps/dev_guard/.venv/lib/python3.11/site-packages/_pytest/faulthandler.py", line 88, in pytest_runtest_protocol
    return (yield)
            ^^^^^
  File "/Users/bretbouchard/apps/dev_guard/.venv/lib/python3.11/site-packages/pluggy/_callers.py", line 121, in _multicall
    res = hook_impl.function(*args)
          ^^^^^^^^^^^^^^^^^^^^^^^^^
  File "/Users/bretbouchard/apps/dev_guard/.venv/lib/python3.11/site-packages/_pytest/runner.py", line 117, in pytest_runtest_protocol
    runtestprotocol(item, nextitem=nextitem)
  File "/Users/bretbouchard/apps/dev_guard/.venv/lib/python3.11/site-packages/_pytest/runner.py", line 136, in runtestprotocol
    reports.append(call_and_report(item, "call", log))
                   ^^^^^^^^^^^^^^^^^^^^^^^^^^^^^^^^^^
  File "/Users/bretbouchard/apps/dev_guard/.venv/lib/python3.11/site-packages/_pytest/runner.py", line 250, in call_and_report
    ihook.pytest_runtest_logreport(report=report)
  File "/Users/bretbouchard/apps/dev_guard/.venv/lib/python3.11/site-packages/pluggy/_hooks.py", line 512, in __call__
    return self._hookexec(self.name, self._hookimpls.copy(), kwargs, firstresult)
           ^^^^^^^^^^^^^^^^^^^^^^^^^^^^^^^^^^^^^^^^^^^^^^^^^^^^^^^^^^^^^^^^^^^^^^
  File "/Users/bretbouchard/apps/dev_guard/.venv/lib/python3.11/site-packages/pluggy/_manager.py", line 120, in _hookexec
    return self._inner_hookexec(hook_name, methods, kwargs, firstresult)
           ^^^^^^^^^^^^^^^^^^^^^^^^^^^^^^^^^^^^^^^^^^^^^^^^^^^^^^^^^^^^^
  File "/Users/bretbouchard/apps/dev_guard/.venv/lib/python3.11/site-packages/pluggy/_callers.py", line 167, in _multicall
    raise exception
  File "/Users/bretbouchard/apps/dev_guard/.venv/lib/python3.11/site-packages/pluggy/_callers.py", line 121, in _multicall
    res = hook_impl.function(*args)
          ^^^^^^^^^^^^^^^^^^^^^^^^^
  File "/Users/bretbouchard/apps/dev_guard/.venv/lib/python3.11/site-packages/_pytest/terminal.py", line 666, in pytest_runtest_logreport
    self._write_progress_information_filling_space()
  File "/Users/bretbouchard/apps/dev_guard/.venv/lib/python3.11/site-packages/_pytest/terminal.py", line 764, in _write_progress_information_filling_space
    self.write(msg.rjust(fill), flush=True, **{color: True})
  File "/Users/bretbouchard/apps/dev_guard/.venv/lib/python3.11/site-packages/_pytest/terminal.py", line 509, in write
    self._tw.write(content, flush=flush, **markup)
  File "/Users/bretbouchard/apps/dev_guard/.venv/lib/python3.11/site-packages/_pytest/_io/terminalwriter.py", line 177, in write
    self.flush()
  File "/Users/bretbouchard/apps/dev_guard/.venv/lib/python3.11/site-packages/_pytest/_io/terminalwriter.py", line 184, in flush
    self._file.flush()
BrokenPipeError: [Errno 32] Broken pipe</error></testcase></testsuite></testsuites>